<?xml version="1.0" encoding="UTF-8"?>
<!-- Generated by org.testng.reporters.JUnitReportReporter -->
<testsuite skipped="0" hostname="NTS5CG7321YLY" name="amazon.deadlink.checker.deadlink.checker.fileupload" tests="1" failures="0" timestamp="18 Oca 2019 11:03:20 GMT" time="30.148" errors="0">
  <testcase name="uploadtest" time="30.148" classname="amazon.deadlink.checker.deadlink.checker.fileupload"/>
</testsuite> <!-- amazon.deadlink.checker.deadlink.checker.fileupload -->
